Using pre-set license
Built from '2020.3/staging' branch; Version is '2020.3.18f1 (a7d1c678663c) revision 10998214'; Using compiler version '192528614'; Build Type 'Release'
OS: 'Windows 10 Pro; OS build 19045.2728; Version 2009; 64bit' Language: 'en' Physical Memory: 16264 MB
BatchMode: 1, IsHumanControllingUs: 0, StartBugReporterOnCrash: 0, Is64bit: 1, IsPro: 0

COMMAND LINE ARGUMENTS:
C:\Program Files\Unity\Hub\Editor\2020.3.18f1\Editor\Unity.exe
-adb2
-batchMode
-noUpm
-name
AssetImportWorker0
-projectPath
C:/Users/Allen/Documents/GitHub/Nesting/Nesting
-logFile
Logs/AssetImportWorker0.log
-srvPort
51753
Successfully changed project path to: C:/Users/Allen/Documents/GitHub/Nesting/Nesting
C:/Users/Allen/Documents/GitHub/Nesting/Nesting
Using Asset Import Pipeline V2.
Refreshing native plugins compatible for Editor in 189.40 ms, found 1 plugins.
Preloading 0 native plugins for Editor in 0.00 ms.
Initialize engine version: 2020.3.18f1 (a7d1c678663c)
[Subsystems] Discovering subsystems at path C:/Program Files/Unity/Hub/Editor/2020.3.18f1/Editor/Data/Resources/UnitySubsystems
[Subsystems] Discovering subsystems at path C:/Users/Allen/Documents/GitHub/Nesting/Nesting/Assets
GfxDevice: creating device client; threaded=0
Direct3D:
    Version:  Direct3D 11.0 [level 11.1]
    Renderer: Intel(R) HD Graphics 520 (ID=0x1916)
    Vendor:   
    VRAM:     8132 MB
    Driver:   27.20.100.8854
Initialize mono
Mono path[0] = 'C:/Program Files/Unity/Hub/Editor/2020.3.18f1/Editor/Data/Managed'
Mono path[1] = 'C:/Program Files/Unity/Hub/Editor/2020.3.18f1/Editor/Data/MonoBleedingEdge/lib/mono/unityjit'
Mono config path = 'C:/Program Files/Unity/Hub/Editor/2020.3.18f1/Editor/Data/MonoBleedingEdge/etc'
Using monoOptions --debugger-agent=transport=dt_socket,embedding=1,server=y,suspend=n,address=127.0.0.1:56356
Begin MonoManager ReloadAssembly
Registering precompiled unity dll's ...
Register platform support module: C:/Program Files/Unity/Hub/Editor/2020.3.18f1/Editor/Data/PlaybackEngines/WebGLSupport/UnityEditor.WebGL.Extensions.dll
Register platform support module: C:/Program Files/Unity/Hub/Editor/2020.3.18f1/Editor/Data/PlaybackEngines/MacStandaloneSupport/UnityEditor.OSXStandalone.Extensions.dll
Register platform support module: C:/Program Files/Unity/Hub/Editor/2020.3.18f1/Editor/Data/PlaybackEngines/WindowsStandaloneSupport/UnityEditor.WindowsStandalone.Extensions.dll
Register platform support module: C:/Program Files/Unity/Hub/Editor/2020.3.18f1/Editor/Data/PlaybackEngines/LinuxStandaloneSupport/UnityEditor.LinuxStandalone.Extensions.dll
Registered in 0.006583 seconds.
Native extension for LinuxStandalone target not found
Native extension for WindowsStandalone target not found
Native extension for OSXStandalone target not found
Native extension for WebGL target not found
Refreshing native plugins compatible for Editor in 238.62 ms, found 1 plugins.
Preloading 0 native plugins for Editor in 0.00 ms.
Mono: successfully reloaded assembly
- Completed reload, in  2.672 seconds
Domain Reload Profiling:
	ReloadAssembly (2673ms)
		BeginReloadAssembly (80ms)
			ExecutionOrderSort (0ms)
			DisableScriptedObjects (0ms)
			BackupInstance (0ms)
			ReleaseScriptingObjects (0ms)
			CreateAndSetChildDomain (1ms)
		EndReloadAssembly (1045ms)
			LoadAssemblies (79ms)
			RebuildTransferFunctionScriptingTraits (0ms)
			SetupTypeCache (337ms)
			ReleaseScriptCaches (0ms)
			RebuildScriptCaches (98ms)
			SetupLoadedEditorAssemblies (468ms)
				LogAssemblyErrors (0ms)
				InitializePlatformSupportModulesInManaged (15ms)
				SetLoadedEditorAssemblies (0ms)
				RefreshPlugins (239ms)
				BeforeProcessingInitializeOnLoad (13ms)
				ProcessInitializeOnLoadAttributes (151ms)
				ProcessInitializeOnLoadMethodAttributes (48ms)
				AfterProcessingInitializeOnLoad (0ms)
				EditorAssembliesLoaded (0ms)
			ExecutionOrderSort2 (0ms)
			AwakeInstancesAfterBackupRestoration (0ms)
Platform modules already initialized, skipping
Registering precompiled user dll's ...
Registered in 0.007778 seconds.
Begin MonoManager ReloadAssembly
Native extension for LinuxStandalone target not found
Native extension for WindowsStandalone target not found
Native extension for OSXStandalone target not found
Native extension for WebGL target not found
Refreshing native plugins compatible for Editor in 202.17 ms, found 1 plugins.
Preloading 0 native plugins for Editor in 0.00 ms.
Mono: successfully reloaded assembly
- Completed reload, in  2.301 seconds
Domain Reload Profiling:
	ReloadAssembly (2303ms)
		BeginReloadAssembly (237ms)
			ExecutionOrderSort (0ms)
			DisableScriptedObjects (7ms)
			BackupInstance (0ms)
			ReleaseScriptingObjects (0ms)
			CreateAndSetChildDomain (26ms)
		EndReloadAssembly (1963ms)
			LoadAssemblies (200ms)
			RebuildTransferFunctionScriptingTraits (0ms)
			SetupTypeCache (657ms)
			ReleaseScriptCaches (1ms)
			RebuildScriptCaches (159ms)
			SetupLoadedEditorAssemblies (663ms)
				LogAssemblyErrors (0ms)
				InitializePlatformSupportModulesInManaged (24ms)
				SetLoadedEditorAssemblies (0ms)
				RefreshPlugins (202ms)
				BeforeProcessingInitializeOnLoad (181ms)
				ProcessInitializeOnLoadAttributes (237ms)
				ProcessInitializeOnLoadMethodAttributes (9ms)
				AfterProcessingInitializeOnLoad (9ms)
				EditorAssembliesLoaded (0ms)
			ExecutionOrderSort2 (0ms)
			AwakeInstancesAfterBackupRestoration (11ms)
Platform modules already initialized, skipping
========================================================================
Worker process is ready to serve import requests
Launched and connected shader compiler UnityShaderCompiler.exe after 0.08 seconds
Refreshing native plugins compatible for Editor in 1.02 ms, found 1 plugins.
Preloading 0 native plugins for Editor in 0.00 ms.
Unloading 4239 Unused Serialized files (Serialized files now loaded: 0)
System memory in use before: 174.4 MB.
System memory in use after: 174.6 MB.

Unloading 15 unused Assets to reduce memory usage. Loaded Objects now: 4684.
Total: 4.969100 ms (FindLiveObjects: 0.456900 ms CreateObjectMapping: 0.331000 ms MarkObjects: 4.076300 ms  DeleteObjects: 0.103200 ms)

AssetImportParameters requested are different than current active one (requested -> active):
  custom:framework-win-MediaFoundation: 216162199b28c13a410421893ffa2e32 -> 
  custom:video-decoder-ogg-theora: a1e56fd34408186e4bbccfd4996cb3dc -> 
  custom:container-muxer-webm: aa71ff27fc2769a1b78a27578f13a17b -> 
  custom:container-demuxer-webm: 4f35f7cbe854078d1ac9338744f61a02 -> 
  custom:container-demuxer-ogg: 62fdf1f143b41e24485cea50d1cbac27 -> 
  custom:video-encoder-webm-vp8: eb34c28f22e8b96e1ab97ce403110664 -> 
  custom:video-decoder-webm-vp8: 9c59270c3fd7afecdb556c50c9e8de78 -> 
  custom:audio-decoder-ogg-vorbis: bf7c407c2cedff20999df2af8eb42d56 -> 
  custom:audio-encoder-webm-vorbis: bf7c407c2cedff20999df2af8eb42d56 -> 
========================================================================
Received Import Request.
  path: Assets/Level-3-Spooky.unity
  artifactKey: Guid(8fcc888206a07e047b4a864530f7620a) Importer(815301076,1909f56bfc062723c751e8b465ee728b)
Start importing Assets/Level-3-Spooky.unity using Guid(8fcc888206a07e047b4a864530f7620a) Importer(815301076,1909f56bfc062723c751e8b465ee728b)  -> (artifact id: 'cd8d960ba8a32cccda93882511f6247c') in 0.025000 seconds 
  Import took 0.034908 seconds .

========================================================================
Received Import Request.
  Time since last request: 29.272308 seconds.
  path: Assets/Models/fall/pumpkin-2.fbx
  artifactKey: Guid(801621e2b5bb6c54fa21f93d0549f321) Importer(815301076,1909f56bfc062723c751e8b465ee728b)
Start importing Assets/Models/fall/pumpkin-2.fbx using Guid(801621e2b5bb6c54fa21f93d0549f321) Importer(815301076,1909f56bfc062723c751e8b465ee728b)  -> (artifact id: 'df210f6f2125b57d8aa76ab30afd8090') in 0.778857 seconds 
  Import took 0.813039 seconds .

========================================================================
Received Import Request.
  Time since last request: 209.062918 seconds.
  path: Assets/Stylized Water For URP/Textures/Foam/Foam 1.png
  artifactKey: Guid(0a33360c1c6b85c45bb8a19af0c4e87a) Importer(815301076,1909f56bfc062723c751e8b465ee728b)
Start importing Assets/Stylized Water For URP/Textures/Foam/Foam 1.png using Guid(0a33360c1c6b85c45bb8a19af0c4e87a) Importer(815301076,1909f56bfc062723c751e8b465ee728b)  -> (artifact id: '99a1fc5566d40d5858eae4628da6d975') in 0.142050 seconds 
  Import took 0.167529 seconds .

========================================================================
Received Import Request.
  Time since last request: 0.000282 seconds.
  path: Assets/Stylized Water For URP/Textures/Foam/Foam 5.png
  artifactKey: Guid(d3b0d77dfe711a04c8ff18ecc260aa66) Importer(815301076,1909f56bfc062723c751e8b465ee728b)
Start importing Assets/Stylized Water For URP/Textures/Foam/Foam 5.png using Guid(d3b0d77dfe711a04c8ff18ecc260aa66) Importer(815301076,1909f56bfc062723c751e8b465ee728b)  -> (artifact id: '09dbba7b6bd3a7d469260274afcc9268') in 0.075641 seconds 
  Import took 0.100444 seconds .

========================================================================
Received Import Request.
  Time since last request: 0.000519 seconds.
  path: Assets/Stylized Water For URP/Textures/Foam/Foam 1.png
  artifactKey: Guid(0a33360c1c6b85c45bb8a19af0c4e87a) Importer(815301076,1909f56bfc062723c751e8b465ee728b)
Start importing Assets/Stylized Water For URP/Textures/Foam/Foam 1.png using Guid(0a33360c1c6b85c45bb8a19af0c4e87a) Importer(815301076,1909f56bfc062723c751e8b465ee728b)  -> (artifact id: '99a1fc5566d40d5858eae4628da6d975') in 0.065929 seconds 
  Import took 0.090517 seconds .

========================================================================
Received Import Request.
  Time since last request: 0.000278 seconds.
  path: Assets/Stylized Water For URP/Textures/Foam/Foam 6.png
  artifactKey: Guid(5293ac8cd3dd6f6478585f4f30abddf7) Importer(815301076,1909f56bfc062723c751e8b465ee728b)
Start importing Assets/Stylized Water For URP/Textures/Foam/Foam 6.png using Guid(5293ac8cd3dd6f6478585f4f30abddf7) Importer(815301076,1909f56bfc062723c751e8b465ee728b)  -> (artifact id: '84ceeafb71aecd5f1161bc8d50773e56') in 0.092279 seconds 
  Import took 0.111115 seconds .

========================================================================
Received Import Request.
  Time since last request: 0.000305 seconds.
  path: Assets/Stylized Water For URP/Textures/Foam/Foam 7.png
  artifactKey: Guid(ab507ff7ff37d954da98b07bf0bb152e) Importer(815301076,1909f56bfc062723c751e8b465ee728b)
Start importing Assets/Stylized Water For URP/Textures/Foam/Foam 7.png using Guid(ab507ff7ff37d954da98b07bf0bb152e) Importer(815301076,1909f56bfc062723c751e8b465ee728b)  -> (artifact id: '1ac5ca6b822d5a12318defc9910098c8') in 0.103559 seconds 
  Import took 0.118021 seconds .

========================================================================
Received Import Request.
  Time since last request: 0.000529 seconds.
  path: Assets/Stylized Water For URP/Textures/Foam/Foam 8.png
  artifactKey: Guid(59322d9235e3b2a44a08574ae149f003) Importer(815301076,1909f56bfc062723c751e8b465ee728b)
Start importing Assets/Stylized Water For URP/Textures/Foam/Foam 8.png using Guid(59322d9235e3b2a44a08574ae149f003) Importer(815301076,1909f56bfc062723c751e8b465ee728b)  -> (artifact id: '435f3f28bfbd0c311fce0eeb9ec6f046') in 0.087398 seconds 
  Import took 0.097471 seconds .

========================================================================
Received Import Request.
  Time since last request: 0.000315 seconds.
  path: Assets/Stylized Water For URP/Textures/Foam/Foam 2.png
  artifactKey: Guid(fcabffd57a8d737448ad0269a9d3092d) Importer(815301076,1909f56bfc062723c751e8b465ee728b)
Start importing Assets/Stylized Water For URP/Textures/Foam/Foam 2.png using Guid(fcabffd57a8d737448ad0269a9d3092d) Importer(815301076,1909f56bfc062723c751e8b465ee728b)  -> (artifact id: '7dea0b6cfd597391c20979f745c8bff9') in 0.118571 seconds 
  Import took 0.141216 seconds .

========================================================================
Received Import Request.
  Time since last request: 0.000265 seconds.
  path: Assets/Stylized Water For URP/Textures/Foam/Foam 4.png
  artifactKey: Guid(772031b03d9d46e4ab03e15c8e17718c) Importer(815301076,1909f56bfc062723c751e8b465ee728b)
Start importing Assets/Stylized Water For URP/Textures/Foam/Foam 4.png using Guid(772031b03d9d46e4ab03e15c8e17718c) Importer(815301076,1909f56bfc062723c751e8b465ee728b)  -> (artifact id: '38f059d9dfe2ffd0b1d11a0c8b516d41') in 0.053046 seconds 
  Import took 0.078717 seconds .

========================================================================
Received Import Request.
  Time since last request: 0.000260 seconds.
  path: Assets/Stylized Water For URP/Textures/Foam/Foam 3.png
  artifactKey: Guid(86ed7ce9e52fd71459c3ce9ac144d310) Importer(815301076,1909f56bfc062723c751e8b465ee728b)
Start importing Assets/Stylized Water For URP/Textures/Foam/Foam 3.png using Guid(86ed7ce9e52fd71459c3ce9ac144d310) Importer(815301076,1909f56bfc062723c751e8b465ee728b)  -> (artifact id: '6e1e0d3f17b7c38453a9a88c55541205') in 0.059984 seconds 
  Import took 0.081053 seconds .

========================================================================
Received Import Request.
  Time since last request: 73.664112 seconds.
  path: Assets/Level-1-Woods.unity
  artifactKey: Guid(50b4c06067663a240bd972b19744a9e5) Importer(815301076,1909f56bfc062723c751e8b465ee728b)
Start importing Assets/Level-1-Woods.unity using Guid(50b4c06067663a240bd972b19744a9e5) Importer(815301076,1909f56bfc062723c751e8b465ee728b)  -> (artifact id: '456a2fa7ce54df481ffbfa575a3ff2ba') in 0.017369 seconds 
  Import took 0.031647 seconds .

========================================================================
Received Prepare
Registering precompiled user dll's ...
Registered in 0.009607 seconds.
Begin MonoManager ReloadAssembly
Native extension for LinuxStandalone target not found
Native extension for WindowsStandalone target not found
Native extension for OSXStandalone target not found
Native extension for WebGL target not found
Refreshing native plugins compatible for Editor in 1.09 ms, found 1 plugins.
Preloading 0 native plugins for Editor in 0.00 ms.
Mono: successfully reloaded assembly
- Completed reload, in  1.886 seconds
Domain Reload Profiling:
	ReloadAssembly (1887ms)
		BeginReloadAssembly (239ms)
			ExecutionOrderSort (0ms)
			DisableScriptedObjects (10ms)
			BackupInstance (0ms)
			ReleaseScriptingObjects (0ms)
			CreateAndSetChildDomain (64ms)
		EndReloadAssembly (1512ms)
			LoadAssemblies (188ms)
			RebuildTransferFunctionScriptingTraits (0ms)
			SetupTypeCache (517ms)
			ReleaseScriptCaches (3ms)
			RebuildScriptCaches (122ms)
			SetupLoadedEditorAssemblies (487ms)
				LogAssemblyErrors (0ms)
				InitializePlatformSupportModulesInManaged (29ms)
				SetLoadedEditorAssemblies (1ms)
				RefreshPlugins (1ms)
				BeforeProcessingInitializeOnLoad (175ms)
				ProcessInitializeOnLoadAttributes (263ms)
				ProcessInitializeOnLoadMethodAttributes (8ms)
				AfterProcessingInitializeOnLoad (10ms)
				EditorAssembliesLoaded (0ms)
			ExecutionOrderSort2 (0ms)
			AwakeInstancesAfterBackupRestoration (23ms)
Platform modules already initialized, skipping
Refreshing native plugins compatible for Editor in 1.12 ms, found 1 plugins.
Preloading 0 native plugins for Editor in 0.00 ms.
Unloading 4101 Unused Serialized files (Serialized files now loaded: 0)
System memory in use before: 169.3 MB.
System memory in use after: 169.6 MB.

Unloading 10 unused Assets to reduce memory usage. Loaded Objects now: 4769.
Total: 4.876900 ms (FindLiveObjects: 0.713600 ms CreateObjectMapping: 0.307200 ms MarkObjects: 3.821000 ms  DeleteObjects: 0.026100 ms)

AssetImportParameters requested are different than current active one (requested -> active):
  custom:framework-win-MediaFoundation: 216162199b28c13a410421893ffa2e32 -> 
  custom:video-decoder-ogg-theora: a1e56fd34408186e4bbccfd4996cb3dc -> 
  custom:container-muxer-webm: aa71ff27fc2769a1b78a27578f13a17b -> 
  custom:container-demuxer-webm: 4f35f7cbe854078d1ac9338744f61a02 -> 
  custom:container-demuxer-ogg: 62fdf1f143b41e24485cea50d1cbac27 -> 
  custom:video-encoder-webm-vp8: eb34c28f22e8b96e1ab97ce403110664 -> 
  custom:video-decoder-webm-vp8: 9c59270c3fd7afecdb556c50c9e8de78 -> 
  custom:audio-decoder-ogg-vorbis: bf7c407c2cedff20999df2af8eb42d56 -> 
  custom:audio-encoder-webm-vorbis: bf7c407c2cedff20999df2af8eb42d56 -> 
