Using pre-set license
Built from '2020.3/release' branch; Version is '2020.3.12f1 (b3b2c6512326) revision 11776710'; Using compiler version '192528614'; Build Type 'Release'
OS: 'Windows 10 Home; OS build 19042.1052; Version 2009; 64bit' Language: 'en' Physical Memory: 32683 MB
BatchMode: 1, IsHumanControllingUs: 0, StartBugReporterOnCrash: 0, Is64bit: 1, IsPro: 0

 COMMAND LINE ARGUMENTS:
C:\Program Files\Unity\Hub\Editor\2020.3.12f1\Editor\Unity.exe
-adb2
-batchMode
-noUpm
-name
AssetImportWorker0
-projectPath
C:/Users/studio.DESKTOP-0D9TBV3/Documents/GitHub/Nesting/Nesting
-logFile
Logs/AssetImportWorker0.log
-srvPort
59403
Successfully changed project path to: C:/Users/studio.DESKTOP-0D9TBV3/Documents/GitHub/Nesting/Nesting
C:/Users/studio.DESKTOP-0D9TBV3/Documents/GitHub/Nesting/Nesting
Using Asset Import Pipeline V2.
Refreshing native plugins compatible for Editor in 102.32 ms, found 3 plugins.
Preloading 0 native plugins for Editor in 0.00 ms.
Initialize engine version: 2020.3.12f1 (b3b2c6512326)
[Subsystems] Discovering subsystems at path C:/Program Files/Unity/Hub/Editor/2020.3.12f1/Editor/Data/Resources/UnitySubsystems
[Subsystems] Discovering subsystems at path C:/Users/studio.DESKTOP-0D9TBV3/Documents/GitHub/Nesting/Nesting/Assets
GfxDevice: creating device client; threaded=0
Direct3D:
    Version:  Direct3D 11.0 [level 11.1]
    Renderer: NVIDIA GeForce RTX 2080 SUPER (ID=0x1e81)
    Vendor:   
    VRAM:     8010 MB
    Driver:   27.21.14.5671
Initialize mono
Mono path[0] = 'C:/Program Files/Unity/Hub/Editor/2020.3.12f1/Editor/Data/Managed'
Mono path[1] = 'C:/Program Files/Unity/Hub/Editor/2020.3.12f1/Editor/Data/MonoBleedingEdge/lib/mono/unityjit'
Mono config path = 'C:/Program Files/Unity/Hub/Editor/2020.3.12f1/Editor/Data/MonoBleedingEdge/etc'
Using monoOptions --debugger-agent=transport=dt_socket,embedding=1,server=y,suspend=n,address=127.0.0.1:56796
Begin MonoManager ReloadAssembly
Registering precompiled unity dll's ...
Register platform support module: C:/Program Files/Unity/Hub/Editor/2020.3.12f1/Editor/Data/PlaybackEngines/WebGLSupport/UnityEditor.WebGL.Extensions.dll
Register platform support module: C:/Program Files/Unity/Hub/Editor/2020.3.12f1/Editor/Data/PlaybackEngines/MacStandaloneSupport/UnityEditor.OSXStandalone.Extensions.dll
Register platform support module: C:/Program Files/Unity/Hub/Editor/2020.3.12f1/Editor/Data/PlaybackEngines/WindowsStandaloneSupport/UnityEditor.WindowsStandalone.Extensions.dll
Register platform support module: C:/Program Files/Unity/Hub/Editor/2020.3.12f1/Editor/Data/PlaybackEngines/LinuxStandaloneSupport/UnityEditor.LinuxStandalone.Extensions.dll
Registered in 0.003166 seconds.
Native extension for LinuxStandalone target not found
Native extension for WindowsStandalone target not found
Native extension for OSXStandalone target not found
Native extension for WebGL target not found
Refreshing native plugins compatible for Editor in 102.43 ms, found 3 plugins.
Preloading 0 native plugins for Editor in 0.00 ms.
Mono: successfully reloaded assembly
- Completed reload, in  1.316 seconds
Platform modules already initialized, skipping
Registering precompiled user dll's ...
Registered in 0.005946 seconds.
Begin MonoManager ReloadAssembly
Native extension for LinuxStandalone target not found
Native extension for WindowsStandalone target not found
Native extension for OSXStandalone target not found
Native extension for WebGL target not found
Refreshing native plugins compatible for Editor in 0.62 ms, found 3 plugins.
Preloading 0 native plugins for Editor in 0.00 ms.
Mono: successfully reloaded assembly
- Completed reload, in  1.223 seconds
Platform modules already initialized, skipping
========================================================================
Worker process is ready to serve import requests
Launched and connected shader compiler UnityShaderCompiler.exe after 0.05 seconds
Refreshing native plugins compatible for Editor in 0.65 ms, found 3 plugins.
Preloading 0 native plugins for Editor in 0.00 ms.
Unloading 3157 Unused Serialized files (Serialized files now loaded: 0)
System memory in use before: 117.3 MB.
System memory in use after: 117.5 MB.

Unloading 23 unused Assets to reduce memory usage. Loaded Objects now: 3586.
Total: 2.768500 ms (FindLiveObjects: 0.315000 ms CreateObjectMapping: 0.209200 ms MarkObjects: 2.176400 ms  DeleteObjects: 0.066500 ms)

AssetImportParameters requested are different than current active one (requested -> active):
  custom:framework-win-MediaFoundation: 216162199b28c13a410421893ffa2e32 -> 
  custom:video-decoder-ogg-theora: a1e56fd34408186e4bbccfd4996cb3dc -> 
  custom:container-muxer-webm: aa71ff27fc2769a1b78a27578f13a17b -> 
  custom:container-demuxer-webm: 4f35f7cbe854078d1ac9338744f61a02 -> 
  custom:container-demuxer-ogg: 62fdf1f143b41e24485cea50d1cbac27 -> 
  custom:video-encoder-webm-vp8: eb34c28f22e8b96e1ab97ce403110664 -> 
  custom:video-decoder-webm-vp8: 9c59270c3fd7afecdb556c50c9e8de78 -> 
  custom:audio-decoder-ogg-vorbis: bf7c407c2cedff20999df2af8eb42d56 -> 
  custom:audio-encoder-webm-vorbis: bf7c407c2cedff20999df2af8eb42d56 -> 
========================================================================
Received Import Request.
  path: Assets/Katamari.prefab
  artifactKey: Guid(aabc7d4404e2d9b4dafd17397f6c77dd) Importer(815301076,1909f56bfc062723c751e8b465ee728b)
Start importing Assets/Katamari.prefab using Guid(aabc7d4404e2d9b4dafd17397f6c77dd) Importer(815301076,1909f56bfc062723c751e8b465ee728b)  -> (artifact id: 'e12dc3bc9f6bbd1bd6697db9cffd5bef') in 0.315441 seconds 
  Import took 0.320738 seconds .

========================================================================
Received Import Request.
  Time since last request: 90.410122 seconds.
  path: Assets
  artifactKey: Guid(00000000000000001000000000000000) Importer(815301076,1909f56bfc062723c751e8b465ee728b)
Start importing Assets using Guid(00000000000000001000000000000000) Importer(815301076,1909f56bfc062723c751e8b465ee728b)  -> (artifact id: '42d402b061de3733987d63b9cc3b64de') in 0.001940 seconds 
  Import took 0.006681 seconds .

========================================================================
Received Import Request.
  Time since last request: 0.008499 seconds.
  path: Assets
  artifactKey: Guid(00000000000000001000000000000000) Importer(815301076,1909f56bfc062723c751e8b465ee728b)
Start importing Assets using Guid(00000000000000001000000000000000) Importer(815301076,1909f56bfc062723c751e8b465ee728b)  -> (artifact id: '42d402b061de3733987d63b9cc3b64de') in 0.001633 seconds 
  Import took 0.006378 seconds .

========================================================================
Received Import Request.
  Time since last request: 6.130624 seconds.
  path: Assets/Level.unity
  artifactKey: Guid(50b4c06067663a240bd972b19744a9e5) Importer(815301076,1909f56bfc062723c751e8b465ee728b)
Start importing Assets/Level.unity using Guid(50b4c06067663a240bd972b19744a9e5) Importer(815301076,1909f56bfc062723c751e8b465ee728b)  -> (artifact id: '1efa727112a8ffcc775a5eea47c3cc8c') in 0.002343 seconds 
  Import took 0.007157 seconds .

========================================================================
Received Import Request.
  Time since last request: 133.312173 seconds.
  path: Assets/Scripts
  artifactKey: Guid(c17fe34a0c6eb8a4b8d8adb3ab435a76) Importer(815301076,1909f56bfc062723c751e8b465ee728b)
Start importing Assets/Scripts using Guid(c17fe34a0c6eb8a4b8d8adb3ab435a76) Importer(815301076,1909f56bfc062723c751e8b465ee728b)  -> (artifact id: '4a8d2e5dc367e0024c6e6955aacad160') in 0.002049 seconds 
  Import took 0.007504 seconds .

========================================================================
Received Import Request.
  Time since last request: 0.007196 seconds.
  path: Assets/Scripts
  artifactKey: Guid(c17fe34a0c6eb8a4b8d8adb3ab435a76) Importer(815301076,1909f56bfc062723c751e8b465ee728b)
Start importing Assets/Scripts using Guid(c17fe34a0c6eb8a4b8d8adb3ab435a76) Importer(815301076,1909f56bfc062723c751e8b465ee728b)  -> (artifact id: '4a8d2e5dc367e0024c6e6955aacad160') in 0.001700 seconds 
  Import took 0.006461 seconds .

========================================================================
Received Import Request.
  Time since last request: 4.756746 seconds.
  path: Assets/Scripts/NetworkRequest.cs
  artifactKey: Guid(4b6863ceb2e68b94795d0b0c94f660bd) Importer(815301076,1909f56bfc062723c751e8b465ee728b)
Start importing Assets/Scripts/NetworkRequest.cs using Guid(4b6863ceb2e68b94795d0b0c94f660bd) Importer(815301076,1909f56bfc062723c751e8b465ee728b)  -> (artifact id: 'd9b611a48e9724978148fa846f1d45e2') in 0.008248 seconds 
  Import took 0.013184 seconds .

========================================================================
Received Import Request.
  Time since last request: 0.026023 seconds.
  path: Assets/Scripts/NetworkRequest.cs
  artifactKey: Guid(4b6863ceb2e68b94795d0b0c94f660bd) Importer(815301076,1909f56bfc062723c751e8b465ee728b)
Start importing Assets/Scripts/NetworkRequest.cs using Guid(4b6863ceb2e68b94795d0b0c94f660bd) Importer(815301076,1909f56bfc062723c751e8b465ee728b)  -> (artifact id: 'd9b611a48e9724978148fa846f1d45e2') in 0.001731 seconds 
  Import took 0.006586 seconds .

========================================================================
Received Prepare
Registering precompiled user dll's ...
Registered in 0.005662 seconds.
Begin MonoManager ReloadAssembly
Native extension for LinuxStandalone target not found
Native extension for WindowsStandalone target not found
Native extension for OSXStandalone target not found
Native extension for WebGL target not found
Refreshing native plugins compatible for Editor in 0.64 ms, found 3 plugins.
Preloading 0 native plugins for Editor in 0.00 ms.
Mono: successfully reloaded assembly
- Completed reload, in  1.081 seconds
Platform modules already initialized, skipping
Refreshing native plugins compatible for Editor in 0.64 ms, found 3 plugins.
Preloading 0 native plugins for Editor in 0.00 ms.
Unloading 3124 Unused Serialized files (Serialized files now loaded: 0)
System memory in use before: 117.5 MB.
System memory in use after: 117.7 MB.

Unloading 18 unused Assets to reduce memory usage. Loaded Objects now: 3596.
Total: 2.173000 ms (FindLiveObjects: 0.268500 ms CreateObjectMapping: 0.166700 ms MarkObjects: 1.718800 ms  DeleteObjects: 0.017900 ms)

AssetImportParameters requested are different than current active one (requested -> active):
  custom:framework-win-MediaFoundation: 216162199b28c13a410421893ffa2e32 -> 
  custom:video-decoder-ogg-theora: a1e56fd34408186e4bbccfd4996cb3dc -> 
  custom:container-muxer-webm: aa71ff27fc2769a1b78a27578f13a17b -> 
  custom:container-demuxer-webm: 4f35f7cbe854078d1ac9338744f61a02 -> 
  custom:container-demuxer-ogg: 62fdf1f143b41e24485cea50d1cbac27 -> 
  custom:video-encoder-webm-vp8: eb34c28f22e8b96e1ab97ce403110664 -> 
  custom:video-decoder-webm-vp8: 9c59270c3fd7afecdb556c50c9e8de78 -> 
  custom:audio-decoder-ogg-vorbis: bf7c407c2cedff20999df2af8eb42d56 -> 
  custom:audio-encoder-webm-vorbis: bf7c407c2cedff20999df2af8eb42d56 -> 
========================================================================
Received Import Request.
  Time since last request: 91.891783 seconds.
  path: Assets/Login.unity
  artifactKey: Guid(946b5f8c07042a74dbdc2131ae08deb6) Importer(815301076,1909f56bfc062723c751e8b465ee728b)
Start importing Assets/Login.unity using Guid(946b5f8c07042a74dbdc2131ae08deb6) Importer(815301076,1909f56bfc062723c751e8b465ee728b)  -> (artifact id: '57530b9aa3a3f5e6fff7cbe824aa8a1c') in 0.013122 seconds 
  Import took 0.018342 seconds .

========================================================================
Received Prepare
Registering precompiled user dll's ...
Registered in 0.010039 seconds.
Begin MonoManager ReloadAssembly
Native extension for LinuxStandalone target not found
Native extension for WindowsStandalone target not found
Native extension for OSXStandalone target not found
Native extension for WebGL target not found
Refreshing native plugins compatible for Editor in 0.63 ms, found 3 plugins.
Preloading 0 native plugins for Editor in 0.00 ms.
Mono: successfully reloaded assembly
- Completed reload, in  1.077 seconds
Platform modules already initialized, skipping
Refreshing native plugins compatible for Editor in 0.65 ms, found 3 plugins.
Preloading 0 native plugins for Editor in 0.00 ms.
Unloading 3124 Unused Serialized files (Serialized files now loaded: 0)
System memory in use before: 117.5 MB.
System memory in use after: 117.7 MB.

Unloading 18 unused Assets to reduce memory usage. Loaded Objects now: 3599.
Total: 2.012300 ms (FindLiveObjects: 0.261800 ms CreateObjectMapping: 0.153700 ms MarkObjects: 1.579300 ms  DeleteObjects: 0.016400 ms)

AssetImportParameters requested are different than current active one (requested -> active):
  custom:framework-win-MediaFoundation: 216162199b28c13a410421893ffa2e32 -> 
  custom:video-decoder-ogg-theora: a1e56fd34408186e4bbccfd4996cb3dc -> 
  custom:container-muxer-webm: aa71ff27fc2769a1b78a27578f13a17b -> 
  custom:container-demuxer-webm: 4f35f7cbe854078d1ac9338744f61a02 -> 
  custom:container-demuxer-ogg: 62fdf1f143b41e24485cea50d1cbac27 -> 
  custom:video-encoder-webm-vp8: eb34c28f22e8b96e1ab97ce403110664 -> 
  custom:video-decoder-webm-vp8: 9c59270c3fd7afecdb556c50c9e8de78 -> 
  custom:audio-decoder-ogg-vorbis: bf7c407c2cedff20999df2af8eb42d56 -> 
  custom:audio-encoder-webm-vorbis: bf7c407c2cedff20999df2af8eb42d56 -> 
AssetImportWorkerClient::OnTransportError - code=2 error=End of file
